<?xml version="1.0" encoding="UTF-8"?>
<testsuite name="JUnit Vintage" tests="0" skipped="0" failures="0" errors="0" time="0.006" hostname="Manan-Blade" timestamp="2023-02-21T01:15:17">
<properties>
<property name="file.encoding" value="UTF-8"/>
<property name="file.separator" value="/"/>
<property name="java.class.path" value="junit-platform-console-standalone.jar"/>
<property name="java.class.version" value="61.0"/>
<property name="java.home" value="/usr/lib/jvm/java-17-amazon-corretto"/>
<property name="java.io.tmpdir" value="/tmp"/>
<property name="java.library.path" value="/usr/java/packages/lib:/usr/lib64:/lib64:/lib:/usr/lib"/>
<property name="java.runtime.name" value="OpenJDK Runtime Environment"/>
<property name="java.runtime.version" value="17.0.6+10-LTS"/>
<property name="java.specification.name" value="Java Platform API Specification"/>
<property name="java.specification.vendor" value="Oracle Corporation"/>
<property name="java.specification.version" value="17"/>
<property name="java.vendor" value="Amazon.com Inc."/>
<property name="java.vendor.url" value="https://aws.amazon.com/corretto/"/>
<property name="java.vendor.url.bug" value="https://github.com/corretto/corretto-17/issues/"/>
<property name="java.vendor.version" value="Corretto-17.0.6.10.1"/>
<property name="java.version" value="17.0.6"/>
<property name="java.version.date" value="2023-01-17"/>
<property name="java.vm.compressedOopsMode" value="32-bit"/>
<property name="java.vm.info" value="mixed mode, sharing"/>
<property name="java.vm.name" value="OpenJDK 64-Bit Server VM"/>
<property name="java.vm.specification.name" value="Java Virtual Machine Specification"/>
<property name="java.vm.specification.vendor" value="Oracle Corporation"/>
<property name="java.vm.specification.version" value="17"/>
<property name="java.vm.vendor" value="Amazon.com Inc."/>
<property name="java.vm.version" value="17.0.6+10-LTS"/>
<property name="jdk.debug" value="release"/>
<property name="line.separator" value="
"/>
<property name="native.encoding" value="UTF-8"/>
<property name="os.arch" value="amd64"/>
<property name="os.name" value="Linux"/>
<property name="os.version" value="5.15.79.1-microsoft-standard-WSL2"/>
<property name="path.separator" value=":"/>
<property name="sun.arch.data.model" value="64"/>
<property name="sun.boot.library.path" value="/usr/lib/jvm/java-17-amazon-corretto/lib"/>
<property name="sun.cpu.endian" value="little"/>
<property name="sun.io.unicode.encoding" value="UnicodeLittle"/>
<property name="sun.java.command" value="junit-platform-console-standalone.jar --class-path ./chess-project/bin/main/:./chess-project/bin/test/ --scan-class-path --fail-if-no-tests --reports-dir=./chess-project/report"/>
<property name="sun.java.launcher" value="SUN_STANDARD"/>
<property name="sun.jnu.encoding" value="UTF-8"/>
<property name="sun.management.compiler" value="HotSpot 64-Bit Tiered Compilers"/>
<property name="sun.stderr.encoding" value="UTF-8"/>
<property name="sun.stdout.encoding" value="UTF-8"/>
<property name="user.dir" value="/mnt/c/Users/manan/Desktop/COMP16412/chess/comp16412-coursework-1_j17768ms"/>
<property name="user.home" value="/home/mananshah"/>
<property name="user.language" value="en"/>
<property name="user.name" value="mananshah"/>
<property name="user.timezone" value="Africa/Lagos"/>
</properties>
<system-out><![CDATA[
unique-id: [engine:junit-vintage]
display-name: JUnit Vintage
]]></system-out>
</testsuite>
